[ 2018-04-20T10:06:17+08:00 ] 127.0.0.1 /
INFO: [ app_init ] --START--
INFO: Run Behavior\BuildLiteBehavior [ RunTime:0.000036s ]
INFO: [ app_init ] --END-- [ RunTime:0.000605s ]
INFO: [ app_begin ] --START--
INFO: Run Behavior\ReadHtmlCacheBehavior [ RunTime:0.000827s ]
INFO: [ app_begin ] --END-- [ RunTime:0.000948s ]
SQL: SHOW COLUMNS FROM `shop_category` [ RunTime:0.0360s ]
ERR: 1146:Table 'shop.shop_goods' doesn't exist
 [ SQL语句 ] : SELECT * FROM `shop_goods` WHERE `is_new` = 1 ORDER BY id desc LIMIT 5  
ERR: 1146:Table 'shop.shop_goods' doesn't exist
 [ SQL语句 ] : SELECT * FROM `shop_goods` WHERE `is_new` = 1 ORDER BY id desc LIMIT 5  

[ 2018-04-20T10:11:18+08:00 ] 127.0.0.1 /
INFO: [ app_init ] --START--
INFO: Run Behavior\BuildLiteBehavior [ RunTime:0.000040s ]
INFO: [ app_init ] --END-- [ RunTime:0.000789s ]
INFO: [ app_begin ] --START--
INFO: Run Behavior\ReadHtmlCacheBehavior [ RunTime:0.001141s ]
INFO: [ app_begin ] --END-- [ RunTime:0.001309s ]
SQL: SHOW COLUMNS FROM `shop_category` [ RunTime:0.0131s ]
ERR: 1146:Table 'shop.shop_goods' doesn't exist
 [ SQL语句 ] : SELECT * FROM `shop_goods` WHERE `is_new` = 1 ORDER BY id desc LIMIT 5  
ERR: 1146:Table 'shop.shop_goods' doesn't exist
 [ SQL语句 ] : SELECT * FROM `shop_goods` WHERE `is_new` = 1 ORDER BY id desc LIMIT 5  

[ 2018-04-20T10:16:26+08:00 ] 127.0.0.1 /
INFO: [ app_init ] --START--
INFO: Run Behavior\BuildLiteBehavior [ RunTime:0.000033s ]
INFO: [ app_init ] --END-- [ RunTime:0.003796s ]
INFO: [ app_begin ] --START--
INFO: Run Behavior\ReadHtmlCacheBehavior [ RunTime:0.000888s ]
INFO: [ app_begin ] --END-- [ RunTime:0.001010s ]
SQL: SHOW COLUMNS FROM `shop_category` [ RunTime:0.0145s ]
ERR: 1146:Table 'shop.shop_goods' doesn't exist
 [ SQL语句 ] : SELECT * FROM `shop_goods` WHERE `is_new` = 1 ORDER BY id desc LIMIT 5  
ERR: 1146:Table 'shop.shop_goods' doesn't exist
 [ SQL语句 ] : SELECT * FROM `shop_goods` WHERE `is_new` = 1 ORDER BY id desc LIMIT 5  

[ 2018-04-20T10:17:41+08:00 ] 127.0.0.1 /
INFO: [ app_init ] --START--
INFO: Run Behavior\BuildLiteBehavior [ RunTime:0.000027s ]
INFO: [ app_init ] --END-- [ RunTime:0.000738s ]
INFO: [ app_begin ] --START--
INFO: Run Behavior\ReadHtmlCacheBehavior [ RunTime:0.000692s ]
INFO: [ app_begin ] --END-- [ RunTime:0.000812s ]
SQL: SHOW COLUMNS FROM `shop_category` [ RunTime:0.0144s ]
SQL: SELECT * FROM `shop_goods` WHERE `is_new` = 1 ORDER BY id desc LIMIT 5   [ RunTime:0.0004s ]
SQL: SELECT * FROM `shop_goods` WHERE `is_rec` = 1 ORDER BY id desc LIMIT 5   [ RunTime:0.0003s ]
SQL: SELECT * FROM `shop_goods` WHERE `is_hot` = 1 ORDER BY id desc LIMIT 5   [ RunTime:0.0002s ]
INFO: [ view_parse ] --START--
INFO: [ template_filter ] --START--
INFO: Run Behavior\ContentReplaceBehavior [ RunTime:0.002818s ]
INFO: [ template_filter ] --END-- [ RunTime:0.003134s ]
INFO: Run Behavior\ParseTemplateBehavior [ RunTime:0.080673s ]
INFO: [ view_parse ] --END-- [ RunTime:0.080927s ]
INFO: [ view_filter ] --START--
INFO: Run Behavior\WriteHtmlCacheBehavior [ RunTime:0.001860s ]
INFO: [ view_filter ] --END-- [ RunTime:0.002031s ]
INFO: [ app_end ] --START--
INFO: Run Behavior\ShowPageTraceBehavior [ RunTime:0.005023s ]
INFO: [ app_end ] --END-- [ RunTime:0.005149s ]

[ 2018-04-20T10:17:42+08:00 ] 127.0.0.1 /Uploads/2017-12-10/thumb_5a2cd2d02b3cf.jpg
INFO: [ app_init ] --START--
INFO: Run Behavior\BuildLiteBehavior [ RunTime:0.000035s ]
INFO: [ app_init ] --END-- [ RunTime:0.000715s ]

[ 2018-04-20T10:17:42+08:00 ] 127.0.0.1 /Uploads/2017-12-10/thumb_5a2cc9972d17d.jpg
INFO: [ app_init ] --START--
INFO: Run Behavior\BuildLiteBehavior [ RunTime:0.000025s ]
INFO: [ app_init ] --END-- [ RunTime:0.000533s ]

[ 2018-04-20T10:17:42+08:00 ] 127.0.0.1 /Uploads/2017-12-07/thumb_5a2917f6286dc.jpg
INFO: [ app_init ] --START--
INFO: Run Behavior\BuildLiteBehavior [ RunTime:0.000025s ]
INFO: [ app_init ] --END-- [ RunTime:0.000508s ]

[ 2018-04-20T10:17:42+08:00 ] 127.0.0.1 /Uploads/2017-12-07/thumb_5a2917bd03fe9.jpg
INFO: [ app_init ] --START--
INFO: Run Behavior\BuildLiteBehavior [ RunTime:0.000025s ]
INFO: [ app_init ] --END-- [ RunTime:0.000484s ]

[ 2018-04-20T10:17:42+08:00 ] 127.0.0.1 /Uploads/2017-12-04/thumb_5a24f8d2c4b86.jpg
INFO: [ app_init ] --START--
INFO: Run Behavior\BuildLiteBehavior [ RunTime:0.000025s ]
INFO: [ app_init ] --END-- [ RunTime:0.000590s ]

[ 2018-04-20T11:39:12+08:00 ] 127.0.0.1 /
INFO: [ app_init ] --START--
INFO: Run Behavior\BuildLiteBehavior [ RunTime:0.000217s ]
INFO: [ app_init ] --END-- [ RunTime:0.003660s ]
INFO: [ app_begin ] --START--
INFO: Run Behavior\ReadHtmlCacheBehavior [ RunTime:0.001135s ]
INFO: [ app_begin ] --END-- [ RunTime:0.001272s ]
ERR: SQLSTATE[HY000] [1049] Unknown database 'shop'

[ 2018-04-20T11:39:43+08:00 ] 127.0.0.1 /
INFO: [ app_init ] --START--
INFO: Run Behavior\BuildLiteBehavior [ RunTime:0.000049s ]
INFO: [ app_init ] --END-- [ RunTime:0.000549s ]
INFO: [ app_begin ] --START--
INFO: Run Behavior\ReadHtmlCacheBehavior [ RunTime:0.000665s ]
INFO: [ app_begin ] --END-- [ RunTime:0.000776s ]
ERR: 1146:Table 'shop.shop_category' doesn't exist
 [ SQL语句 ] : SHOW COLUMNS FROM `shop_category`
ERR: 1146:Table 'shop.shop_category' doesn't exist
 [ SQL语句 ] : SHOW COLUMNS FROM `shop_category`

[ 2018-04-20T11:39:47+08:00 ] 127.0.0.1 /
INFO: [ app_init ] --START--
INFO: Run Behavior\BuildLiteBehavior [ RunTime:0.000127s ]
INFO: [ app_init ] --END-- [ RunTime:0.000666s ]
INFO: [ app_begin ] --START--
INFO: Run Behavior\ReadHtmlCacheBehavior [ RunTime:0.001244s ]
INFO: [ app_begin ] --END-- [ RunTime:0.001541s ]
ERR: 1146:Table 'shop.shop_category' doesn't exist
 [ SQL语句 ] : SHOW COLUMNS FROM `shop_category`
ERR: 1146:Table 'shop.shop_category' doesn't exist
 [ SQL语句 ] : SHOW COLUMNS FROM `shop_category`

[ 2018-04-20T11:39:50+08:00 ] 127.0.0.1 /
INFO: [ app_init ] --START--
INFO: Run Behavior\BuildLiteBehavior [ RunTime:0.000042s ]
INFO: [ app_init ] --END-- [ RunTime:0.001170s ]
INFO: [ app_begin ] --START--
INFO: Run Behavior\ReadHtmlCacheBehavior [ RunTime:0.001032s ]
INFO: [ app_begin ] --END-- [ RunTime:0.001206s ]
ERR: 1146:Table 'shop.shop_category' doesn't exist
 [ SQL语句 ] : SHOW COLUMNS FROM `shop_category`
ERR: 1146:Table 'shop.shop_category' doesn't exist
 [ SQL语句 ] : SHOW COLUMNS FROM `shop_category`

[ 2018-04-20T11:42:25+08:00 ] 127.0.0.1 /
INFO: [ app_init ] --START--
INFO: Run Behavior\BuildLiteBehavior [ RunTime:0.000027s ]
INFO: [ app_init ] --END-- [ RunTime:0.000754s ]
INFO: [ app_begin ] --START--
INFO: Run Behavior\ReadHtmlCacheBehavior [ RunTime:0.000962s ]
INFO: [ app_begin ] --END-- [ RunTime:0.001134s ]
SQL: SHOW COLUMNS FROM `shop_category` [ RunTime:0.0204s ]
SQL: SELECT * FROM `shop_goods` WHERE `is_new` = 1 ORDER BY id desc LIMIT 5   [ RunTime:0.0020s ]
SQL: SELECT * FROM `shop_goods` WHERE `is_rec` = 1 ORDER BY id desc LIMIT 5   [ RunTime:0.0004s ]
SQL: SELECT * FROM `shop_goods` WHERE `is_hot` = 1 ORDER BY id desc LIMIT 5   [ RunTime:0.0013s ]
INFO: [ view_parse ] --START--
INFO: [ template_filter ] --START--
INFO: Run Behavior\ContentReplaceBehavior [ RunTime:0.003174s ]
INFO: [ template_filter ] --END-- [ RunTime:0.003521s ]
INFO: Run Behavior\ParseTemplateBehavior [ RunTime:0.079550s ]
INFO: [ view_parse ] --END-- [ RunTime:0.079698s ]
INFO: [ view_filter ] --START--
INFO: Run Behavior\WriteHtmlCacheBehavior [ RunTime:0.002620s ]
INFO: [ view_filter ] --END-- [ RunTime:0.002738s ]
INFO: [ app_end ] --START--
INFO: Run Behavior\ShowPageTraceBehavior [ RunTime:0.003510s ]
INFO: [ app_end ] --END-- [ RunTime:0.003631s ]

[ 2018-04-20T11:42:26+08:00 ] 127.0.0.1 /Uploads/2017-12-10/thumb_5a2cd2d02b3cf.jpg
INFO: [ app_init ] --START--
INFO: Run Behavior\BuildLiteBehavior [ RunTime:0.000025s ]
INFO: [ app_init ] --END-- [ RunTime:0.000489s ]

[ 2018-04-20T11:42:26+08:00 ] 127.0.0.1 /Uploads/2017-12-07/thumb_5a2917f6286dc.jpg
INFO: [ app_init ] --START--
INFO: Run Behavior\BuildLiteBehavior [ RunTime:0.000025s ]
INFO: [ app_init ] --END-- [ RunTime:0.000546s ]

[ 2018-04-20T11:42:26+08:00 ] 127.0.0.1 /Uploads/2017-12-07/thumb_5a2917bd03fe9.jpg
INFO: [ app_init ] --START--
INFO: Run Behavior\BuildLiteBehavior [ RunTime:0.000025s ]
INFO: [ app_init ] --END-- [ RunTime:0.000494s ]

[ 2018-04-20T11:42:27+08:00 ] 127.0.0.1 /Uploads/2017-12-04/thumb_5a24f8d2c4b86.jpg
INFO: [ app_init ] --START--
INFO: Run Behavior\BuildLiteBehavior [ RunTime:0.000038s ]
INFO: [ app_init ] --END-- [ RunTime:0.000639s ]

[ 2018-04-20T11:42:27+08:00 ] 127.0.0.1 /Uploads/2017-12-10/thumb_5a2cc9972d17d.jpg
INFO: [ app_init ] --START--
INFO: Run Behavior\BuildLiteBehavior [ RunTime:0.000025s ]
INFO: [ app_init ] --END-- [ RunTime:0.000493s ]

